TN:
SF:/home/travis/build/m-sugizaki/componentSample/src/polyfills.ts
FNF:0
FNH:0
LF:0
LH:0
BRF:0
BRH:0
end_of_record
TN:
SF:/home/travis/build/m-sugizaki/componentSample/src/test.ts
FNF:0
FNH:0
DA:13,1
DA:18,1
DA:20,1
LF:3
LH:3
BRF:0
BRH:0
end_of_record
TN:
SF:/home/travis/build/m-sugizaki/componentSample/src/app/app.component.ts
FN:3,AppComponent
FNF:1
FNH:1
FNDA:2,AppComponent
DA:8,1
DA:9,2
DA:10,1
LF:3
LH:3
BRF:0
BRH:0
end_of_record
TN:
SF:/home/travis/build/m-sugizaki/componentSample/src/app/member.ts
FN:1,(anonymous_0)
FN:7,Member
FNF:2
FNH:1
FNDA:1,(anonymous_0)
FNDA:0,Member
DA:1,1
DA:8,0
DA:9,0
DA:10,0
DA:12,1
LF:5
LH:2
BRF:0
BRH:0
end_of_record
TN:
SF:/home/travis/build/m-sugizaki/componentSample/src/app/member/member-delete/member-delete.component.ts
FN:24,MemberDeleteComponent
FN:31,(anonymous_2)
FN:36,(anonymous_3)
FN:37,(anonymous_4)
FN:50,(anonymous_5)
FN:57,(anonymous_6)
FN:60,(anonymous_7)
FNF:7
FNH:3
FNDA:1,MemberDeleteComponent
FNDA:1,(anonymous_2)
FNDA:1,(anonymous_3)
FNDA:0,(anonymous_4)
FNDA:0,(anonymous_5)
FNDA:0,(anonymous_6)
FNDA:0,(anonymous_7)
DA:13,1
DA:14,1
DA:16,1
DA:18,1
DA:25,1
DA:26,1
DA:27,1
DA:28,1
DA:31,1
DA:32,1
DA:36,1
DA:37,1
DA:38,0
DA:40,0
DA:41,0
DA:42,0
DA:50,1
DA:54,0
DA:57,0
DA:59,0
DA:61,0
DA:65,1
LF:22
LH:14
BRF:0
BRH:0
end_of_record
TN:
SF:/home/travis/build/m-sugizaki/componentSample/src/app/member/member-detail/member-detail.component.ts
FN:16,MemberDetailComponent
FN:23,(anonymous_2)
FN:27,(anonymous_3)
FN:29,(anonymous_4)
FNF:4
FNH:3
FNDA:1,MemberDetailComponent
FNDA:1,(anonymous_2)
FNDA:1,(anonymous_3)
FNDA:0,(anonymous_4)
DA:11,1
DA:17,1
DA:18,1
DA:19,1
DA:23,1
DA:24,1
DA:27,1
DA:28,1
DA:29,1
DA:30,0
DA:31,0
DA:62,1
LF:12
LH:10
BRF:0
BRH:0
end_of_record
TN:
SF:/home/travis/build/m-sugizaki/componentSample/src/app/member/member-edit/member-edit.component.ts
FN:24,MemberEditComponent
FN:31,(anonymous_2)
FN:32,(anonymous_3)
FN:34,(anonymous_4)
FN:38,(anonymous_5)
FN:40,(anonymous_6)
FN:84,(anonymous_7)
FN:94,(anonymous_8)
FN:96,(anonymous_9)
FNF:9
FNH:5
FNDA:1,MemberEditComponent
FNDA:6,(anonymous_2)
FNDA:6,(anonymous_3)
FNDA:1,(anonymous_4)
FNDA:1,(anonymous_5)
FNDA:0,(anonymous_6)
FNDA:0,(anonymous_7)
FNDA:0,(anonymous_8)
FNDA:0,(anonymous_9)
DA:12,1
DA:14,1
DA:16,1
DA:18,1
DA:25,1
DA:26,1
DA:27,1
DA:28,1
DA:31,6
DA:32,6
DA:34,1
DA:35,1
DA:38,1
DA:39,1
DA:40,1
DA:41,0
DA:43,0
DA:45,0
DA:47,0
DA:84,1
DA:88,0
DA:90,0
DA:92,0
DA:95,0
DA:97,0
DA:107,1
LF:26
LH:17
BRF:0
BRH:0
end_of_record
TN:
SF:/home/travis/build/m-sugizaki/componentSample/src/app/member/member-list/member-list.component.ts
FN:5,(anonymous_0)
FN:19,MemberListComponent
FN:23,(anonymous_4)
FN:27,(anonymous_5)
FN:29,(anonymous_6)
FN:51,(anonymous_7)
FN:52,(anonymous_8)
FNF:7
FNH:4
FNDA:1,(anonymous_0)
FNDA:3,MemberListComponent
FNDA:3,(anonymous_4)
FNDA:3,(anonymous_5)
FNDA:0,(anonymous_6)
FNDA:0,(anonymous_7)
FNDA:0,(anonymous_8)
DA:5,1
DA:7,1
DA:14,1
DA:15,3
DA:20,3
DA:23,1
DA:24,3
DA:27,3
DA:28,3
DA:29,3
DA:30,0
DA:31,0
DA:51,1
DA:52,1
DA:53,1
LF:15
LH:13
BRF:0
BRH:0
end_of_record
TN:
SF:/home/travis/build/m-sugizaki/componentSample/src/app/member/member-new/member-new.component.ts
FN:19,MemberNewComponent
FN:26,(anonymous_2)
FN:27,(anonymous_3)
FN:28,(anonymous_4)
FN:30,(anonymous_5)
FN:32,(anonymous_6)
FN:35,(anonymous_7)
FNF:7
FNH:5
FNDA:1,MemberNewComponent
FNDA:6,(anonymous_2)
FNDA:6,(anonymous_3)
FNDA:6,(anonymous_4)
FNDA:1,(anonymous_5)
FNDA:0,(anonymous_6)
FNDA:0,(anonymous_7)
DA:12,1
DA:13,1
DA:20,1
DA:21,1
DA:22,1
DA:23,1
DA:26,6
DA:27,6
DA:28,6
DA:30,1
DA:32,1
DA:34,0
DA:35,0
DA:36,0
DA:40,1
LF:15
LH:12
BRF:0
BRH:0
end_of_record
TN:
SF:/home/travis/build/m-sugizaki/componentSample/src/app/services/member.service.ts
FN:35,MemberService
FN:40,(anonymous_2)
FN:46,(anonymous_3)
FN:52,(anonymous_4)
FN:59,(anonymous_5)
FN:64,(anonymous_6)
FN:69,(anonymous_7)
FN:76,(anonymous_8)
FN:81,(anonymous_9)
FN:83,(anonymous_10)
FN:88,(anonymous_11)
FN:89,(anonymous_12)
FN:105,(anonymous_13)
FN:107,(anonymous_14)
FN:108,(anonymous_15)
FN:116,(anonymous_16)
FN:136,(anonymous_17)
FN:139,(anonymous_18)
FN:153,(anonymous_19)
FNF:19
FNH:3
FNDA:7,MemberService
FNDA:0,(anonymous_2)
FNDA:3,(anonymous_3)
FNDA:3,(anonymous_4)
FNDA:0,(anonymous_5)
FNDA:0,(anonymous_6)
FNDA:0,(anonymous_7)
FNDA:0,(anonymous_8)
FNDA:0,(anonymous_9)
FNDA:0,(anonymous_10)
FNDA:0,(anonymous_11)
FNDA:0,(anonymous_12)
FNDA:0,(anonymous_13)
FNDA:0,(anonymous_14)
FNDA:0,(anonymous_15)
FNDA:0,(anonymous_16)
FNDA:0,(anonymous_17)
FNDA:0,(anonymous_18)
FNDA:0,(anonymous_19)
DA:17,1
DA:20,7
DA:25,7
DA:35,7
DA:40,1
DA:41,0
DA:43,0
DA:46,1
DA:47,3
DA:48,3
DA:52,1
DA:53,3
DA:55,3
DA:59,1
DA:60,0
DA:61,0
DA:63,0
DA:64,0
DA:69,1
DA:72,0
DA:75,0
DA:76,0
DA:81,1
DA:82,0
DA:83,0
DA:88,1
DA:89,0
DA:92,0
DA:95,0
DA:98,0
DA:105,1
DA:106,0
DA:108,0
DA:109,0
DA:110,0
DA:116,1
DA:117,0
DA:136,1
DA:137,0
DA:139,0
DA:153,1
DA:154,0
DA:155,0
DA:169,1
LF:44
LH:20
BRDA:43,0,0,0
BRDA:43,0,1,0
BRDA:88,1,0,0
BRDA:88,1,1,0
BRDA:155,2,0,0
BRDA:155,2,1,0
BRF:6
BRH:0
end_of_record
